SF:lib/core/error/exceptions.dart
DA:2,1
DA:6,1
LF:2
LH:2
end_of_record
SF:lib/features/num_trivia/data/data_sources/number_trivia_remote_data_source.dart
DA:26,1
DA:28,1
DA:30,1
DA:31,1
DA:37,1
DA:39,1
DA:40,1
DA:46,1
DA:50,2
DA:51,1
DA:52,2
DA:56,2
DA:57,1
DA:58,2
DA:63,1
DA:64,1
DA:65,2
DA:66,4
DA:71,1
LF:19
LH:19
end_of_record
SF:lib/features/num_trivia/data/models/number_trivia_model.dart
DA:6,2
DA:10,1
DA:12,1
DA:15,0
DA:16,0
DA:17,0
DA:18,0
DA:19,0
DA:23,1
DA:24,1
DA:25,1
DA:26,2
DA:27,1
LF:13
LH:8
end_of_record
SF:lib/features/num_trivia/data/data_sources/number_trivia_local_data_source.dart
DA:17,0
DA:19,0
DA:21,0
DA:23,0
DA:24,0
DA:29,0
DA:31,0
DA:33,0
DA:34,0
DA:35,0
LF:10
LH:0
end_of_record
SF:lib/features/num_trivia/domain/entities/number_trivia.dart
DA:8,3
DA:14,0
DA:20,1
DA:21,4
DA:23,0
DA:28,0
DA:29,0
DA:30,0
DA:31,0
DA:35,0
DA:37,0
LF:11
LH:3
end_of_record
